<?xml version="1.0" encoding="UTF-8"?>
<!-- Generated by org.testng.reporters.JUnitXMLReporter -->
<testsuite hostname="LAPTOP-L8E83HAR" ignored="0" name="Default test" tests="4" failures="0" timestamp="14 Dec 2020 07:41:44 GMT" time="91.409" errors="0">
  <testcase name="search" time="3.157" classname="AmazonSiteTesting.AmazonTest"/>
  <testcase name="filter" time="13.98" classname="AmazonSiteTesting.AmazonTest"/>
  <testcase name="selectProduct" time="8.562" classname="AmazonSiteTesting.AmazonTest"/>
  <testcase name="addToCart" time="35.956" classname="AmazonSiteTesting.AmazonTest"/>
</testsuite> <!-- Default test -->
