<?xml version="1.0" encoding="UTF-8"?>
<!-- Generated by org.testng.reporters.JUnitXMLReporter -->
<testsuite hostname="LAPTOP-L8E83HAR" ignored="0" name="Test" tests="6" failures="0" timestamp="21 Dec 2020 10:02:39 GMT" time="72.461" errors="0">
  <testcase name="homePageNavigation" time="8.186" classname="AmazonSiteTesting.AmazonTest"/>
  <testcase name="search" time="1.939" classname="AmazonSiteTesting.AmazonTest"/>
  <testcase name="filter" time="12.223" classname="AmazonSiteTesting.AmazonTest"/>
  <testcase name="selectProduct" time="7.521" classname="AmazonSiteTesting.AmazonTest"/>
  <testcase name="addToCart" time="29.568" classname="AmazonSiteTesting.AmazonTest"/>
  <testcase name="goToCart" time="5.644" classname="AmazonSiteTesting.AmazonTest"/>
</testsuite> <!-- Test -->
