<?xml version="1.0" encoding="UTF-8"?>
<testsuite xmlns:xsi="http://www.w3.org/2001/XMLSchema-instance" xsi:noNamespaceSchemaLocation="https://maven.apache.org/surefire/maven-surefire-plugin/xsd/surefire-test-report-3.0.xsd" version="3.0" name="TestSuite" time="44.024" tests="6" errors="0" skipped="0" failures="0">
  <properties>
[...]
</properties>
  <testcase name="homePageNavigation" classname="AmazonSiteTesting.AmazonTest" time="9.662">
    <system-out><![CDATA[Start of Test 	homePageNavigation
Success of Test 	homePageNavigation
]]></system-out>
    <system-err><![CDATA[Starting ChromeDriver 87.0.4280.20 (c99e81631faa0b2a448e658c0dbd8311fb04ddbd-refs/branch-heads/4280@{#355}) on port 5384
Only local connections are allowed.
Please see https://chromedriver.chromium.org/security-considerations for suggestions on keeping ChromeDriver safe.
ChromeDriver was started successfully.
Jan 17, 2021 7:51:48 PM org.openqa.selenium.remote.ProtocolHandshake createSession
INFO: Detected dialect: W3C
]]></system-err>
  </testcase>
  <testcase name="search" classname="AmazonSiteTesting.AmazonTest" time="2.835">
    <system-out><![CDATA[Start of Test 	search
Success of Test 	search
]]></system-out>
  </testcase>
  <testcase name="filter" classname="AmazonSiteTesting.AmazonTest" time="6.116">
    <system-out><![CDATA[Start of Test 	filter
Success of Test 	filter
]]></system-out>
  </testcase>
  <testcase name="selectProduct" classname="AmazonSiteTesting.AmazonTest" time="3.867">
    <system-out><![CDATA[Start of Test 	selectProduct
Success of Test 	selectProduct
]]></system-out>
  </testcase>
  <testcase name="addToCart" classname="AmazonSiteTesting.AmazonTest" time="16.802">
    <system-out><![CDATA[Start of Test 	addToCart
Success of Test 	addToCart
]]></system-out>
  </testcase>
  <testcase name="goToCart" classname="AmazonSiteTesting.AmazonTest" time="1.904">
    <system-out><![CDATA[Start of Test 	goToCart
Success of Test 	goToCart
]]></system-out>
  </testcase>
</testsuite>